The target system is: Emscripten - 1 - x86
The host system is: Darwin - 18.7.0 - x86_64
Determining if the include file stdbool.h exists passed with the following output:
Change Dir: /Users/ferluht/Dev/metarack/metarack/c-modules/build/CMakeFiles/CMakeTmp

Run Build Command(s):/usr/local/bin/gmake -f Makefile cmTC_52032/fast && /usr/local/bin/gmake  -f CMakeFiles/cmTC_52032.dir/build.make CMakeFiles/cmTC_52032.dir/build
gmake[1]: Entering directory '/Users/ferluht/Dev/metarack/metarack/c-modules/build/CMakeFiles/CMakeTmp'
Building C object CMakeFiles/cmTC_52032.dir/CheckIncludeFile.c.o
/Users/ferluht/Dev/metarack/metarack/c-modules/emsdk/upstream/emscripten/emcc    -MD -MT CMakeFiles/cmTC_52032.dir/CheckIncludeFile.c.o -MF CMakeFiles/cmTC_52032.dir/CheckIncludeFile.c.o.d -o CMakeFiles/cmTC_52032.dir/CheckIncludeFile.c.o -c /Users/ferluht/Dev/metarack/metarack/c-modules/build/CMakeFiles/CMakeTmp/CheckIncludeFile.c
Linking C executable cmTC_52032.js
/usr/local/Cellar/cmake/3.20.3/bin/cmake -E cmake_link_script CMakeFiles/cmTC_52032.dir/link.txt --verbose=1
/Users/ferluht/Dev/metarack/metarack/c-modules/emsdk/upstream/emscripten/emcc @CMakeFiles/cmTC_52032.dir/objects1.rsp -o cmTC_52032.js 
gmake[1]: Leaving directory '/Users/ferluht/Dev/metarack/metarack/c-modules/build/CMakeFiles/CMakeTmp'



Determining if the include file unistd.h exists passed with the following output:
Change Dir: /Users/ferluht/Dev/metarack/metarack/c-modules/build/CMakeFiles/CMakeTmp

Run Build Command(s):/usr/local/bin/gmake -f Makefile cmTC_efca2/fast && /usr/local/bin/gmake  -f CMakeFiles/cmTC_efca2.dir/build.make CMakeFiles/cmTC_efca2.dir/build
gmake[1]: Entering directory '/Users/ferluht/Dev/metarack/metarack/c-modules/build/CMakeFiles/CMakeTmp'
Building C object CMakeFiles/cmTC_efca2.dir/CheckIncludeFile.c.o
/Users/ferluht/Dev/metarack/metarack/c-modules/emsdk/upstream/emscripten/emcc    -MD -MT CMakeFiles/cmTC_efca2.dir/CheckIncludeFile.c.o -MF CMakeFiles/cmTC_efca2.dir/CheckIncludeFile.c.o.d -o CMakeFiles/cmTC_efca2.dir/CheckIncludeFile.c.o -c /Users/ferluht/Dev/metarack/metarack/c-modules/build/CMakeFiles/CMakeTmp/CheckIncludeFile.c
Linking C executable cmTC_efca2.js
/usr/local/Cellar/cmake/3.20.3/bin/cmake -E cmake_link_script CMakeFiles/cmTC_efca2.dir/link.txt --verbose=1
/Users/ferluht/Dev/metarack/metarack/c-modules/emsdk/upstream/emscripten/emcc @CMakeFiles/cmTC_efca2.dir/objects1.rsp -o cmTC_efca2.js 
gmake[1]: Leaving directory '/Users/ferluht/Dev/metarack/metarack/c-modules/build/CMakeFiles/CMakeTmp'



Performing C SOURCE FILE Test HAVE_VISIBILITY succeeded with the following output:
Change Dir: /Users/ferluht/Dev/metarack/metarack/c-modules/build/CMakeFiles/CMakeTmp

Run Build Command(s):/usr/local/bin/gmake -f Makefile cmTC_b2dc1/fast && /usr/local/bin/gmake  -f CMakeFiles/cmTC_b2dc1.dir/build.make CMakeFiles/cmTC_b2dc1.dir/build
gmake[1]: Entering directory '/Users/ferluht/Dev/metarack/metarack/c-modules/build/CMakeFiles/CMakeTmp'
Building C object CMakeFiles/cmTC_b2dc1.dir/src.c.o
/Users/ferluht/Dev/metarack/metarack/c-modules/emsdk/upstream/emscripten/emcc -DHAVE_VISIBILITY  -fvisibility=hidden -Werror -MD -MT CMakeFiles/cmTC_b2dc1.dir/src.c.o -MF CMakeFiles/cmTC_b2dc1.dir/src.c.o.d -o CMakeFiles/cmTC_b2dc1.dir/src.c.o -c /Users/ferluht/Dev/metarack/metarack/c-modules/build/CMakeFiles/CMakeTmp/src.c
Linking C executable cmTC_b2dc1.js
/usr/local/Cellar/cmake/3.20.3/bin/cmake -E cmake_link_script CMakeFiles/cmTC_b2dc1.dir/link.txt --verbose=1
/Users/ferluht/Dev/metarack/metarack/c-modules/emsdk/upstream/emscripten/emcc  -fvisibility=hidden -Werror @CMakeFiles/cmTC_b2dc1.dir/objects1.rsp -o cmTC_b2dc1.js 
gmake[1]: Leaving directory '/Users/ferluht/Dev/metarack/metarack/c-modules/build/CMakeFiles/CMakeTmp'


Source file was:
__attribute__((visibility("default"))) int foo(void);
                         __attribute__((visibility("hidden")))  int bar(void);
                         int foo (void) {return 0;}
                         int bar (void) {return 1;}
                         int main(void) {return 0;}
