The target system is: Emscripten - 1 - x86
The host system is: Darwin - 18.7.0 - x86_64
Determining if the include file stdbool.h exists passed with the following output:
Change Dir: /Users/ferluht/Dev/metarack/metarack/c-modules/PingPongDelay/build/CMakeFiles/CMakeTmp

Run Build Command(s):/usr/local/bin/gmake -f Makefile cmTC_ef061/fast && /usr/local/bin/gmake  -f CMakeFiles/cmTC_ef061.dir/build.make CMakeFiles/cmTC_ef061.dir/build
gmake[1]: Entering directory '/Users/ferluht/Dev/metarack/metarack/c-modules/PingPongDelay/build/CMakeFiles/CMakeTmp'
Building C object CMakeFiles/cmTC_ef061.dir/CheckIncludeFile.c.o
/Users/ferluht/Dev/metarack/metarack/c-modules/emsdk/upstream/emscripten/emcc    -MD -MT CMakeFiles/cmTC_ef061.dir/CheckIncludeFile.c.o -MF CMakeFiles/cmTC_ef061.dir/CheckIncludeFile.c.o.d -o CMakeFiles/cmTC_ef061.dir/CheckIncludeFile.c.o -c /Users/ferluht/Dev/metarack/metarack/c-modules/PingPongDelay/build/CMakeFiles/CMakeTmp/CheckIncludeFile.c
Linking C executable cmTC_ef061.js
/usr/local/Cellar/cmake/3.20.3/bin/cmake -E cmake_link_script CMakeFiles/cmTC_ef061.dir/link.txt --verbose=1
/Users/ferluht/Dev/metarack/metarack/c-modules/emsdk/upstream/emscripten/emcc @CMakeFiles/cmTC_ef061.dir/objects1.rsp -o cmTC_ef061.js 
gmake[1]: Leaving directory '/Users/ferluht/Dev/metarack/metarack/c-modules/PingPongDelay/build/CMakeFiles/CMakeTmp'



Determining if the include file unistd.h exists passed with the following output:
Change Dir: /Users/ferluht/Dev/metarack/metarack/c-modules/PingPongDelay/build/CMakeFiles/CMakeTmp

Run Build Command(s):/usr/local/bin/gmake -f Makefile cmTC_6d577/fast && /usr/local/bin/gmake  -f CMakeFiles/cmTC_6d577.dir/build.make CMakeFiles/cmTC_6d577.dir/build
gmake[1]: Entering directory '/Users/ferluht/Dev/metarack/metarack/c-modules/PingPongDelay/build/CMakeFiles/CMakeTmp'
Building C object CMakeFiles/cmTC_6d577.dir/CheckIncludeFile.c.o
/Users/ferluht/Dev/metarack/metarack/c-modules/emsdk/upstream/emscripten/emcc    -MD -MT CMakeFiles/cmTC_6d577.dir/CheckIncludeFile.c.o -MF CMakeFiles/cmTC_6d577.dir/CheckIncludeFile.c.o.d -o CMakeFiles/cmTC_6d577.dir/CheckIncludeFile.c.o -c /Users/ferluht/Dev/metarack/metarack/c-modules/PingPongDelay/build/CMakeFiles/CMakeTmp/CheckIncludeFile.c
Linking C executable cmTC_6d577.js
/usr/local/Cellar/cmake/3.20.3/bin/cmake -E cmake_link_script CMakeFiles/cmTC_6d577.dir/link.txt --verbose=1
/Users/ferluht/Dev/metarack/metarack/c-modules/emsdk/upstream/emscripten/emcc @CMakeFiles/cmTC_6d577.dir/objects1.rsp -o cmTC_6d577.js 
gmake[1]: Leaving directory '/Users/ferluht/Dev/metarack/metarack/c-modules/PingPongDelay/build/CMakeFiles/CMakeTmp'



Performing C SOURCE FILE Test HAVE_VISIBILITY succeeded with the following output:
Change Dir: /Users/ferluht/Dev/metarack/metarack/c-modules/PingPongDelay/build/CMakeFiles/CMakeTmp

Run Build Command(s):/usr/local/bin/gmake -f Makefile cmTC_56899/fast && /usr/local/bin/gmake  -f CMakeFiles/cmTC_56899.dir/build.make CMakeFiles/cmTC_56899.dir/build
gmake[1]: Entering directory '/Users/ferluht/Dev/metarack/metarack/c-modules/PingPongDelay/build/CMakeFiles/CMakeTmp'
Building C object CMakeFiles/cmTC_56899.dir/src.c.o
/Users/ferluht/Dev/metarack/metarack/c-modules/emsdk/upstream/emscripten/emcc -DHAVE_VISIBILITY  -fvisibility=hidden -Werror -MD -MT CMakeFiles/cmTC_56899.dir/src.c.o -MF CMakeFiles/cmTC_56899.dir/src.c.o.d -o CMakeFiles/cmTC_56899.dir/src.c.o -c /Users/ferluht/Dev/metarack/metarack/c-modules/PingPongDelay/build/CMakeFiles/CMakeTmp/src.c
Linking C executable cmTC_56899.js
/usr/local/Cellar/cmake/3.20.3/bin/cmake -E cmake_link_script CMakeFiles/cmTC_56899.dir/link.txt --verbose=1
/Users/ferluht/Dev/metarack/metarack/c-modules/emsdk/upstream/emscripten/emcc  -fvisibility=hidden -Werror @CMakeFiles/cmTC_56899.dir/objects1.rsp -o cmTC_56899.js 
gmake[1]: Leaving directory '/Users/ferluht/Dev/metarack/metarack/c-modules/PingPongDelay/build/CMakeFiles/CMakeTmp'


Source file was:
__attribute__((visibility("default"))) int foo(void);
                         __attribute__((visibility("hidden")))  int bar(void);
                         int foo (void) {return 0;}
                         int bar (void) {return 1;}
                         int main(void) {return 0;}
Determining if the include file sys/times.h exists passed with the following output:
Change Dir: /Users/ferluht/Dev/metarack/metarack/c-modules/PingPongDelay/build/CMakeFiles/CMakeTmp

Run Build Command(s):/usr/local/bin/gmake -f Makefile cmTC_55689/fast && /usr/local/bin/gmake  -f CMakeFiles/cmTC_55689.dir/build.make CMakeFiles/cmTC_55689.dir/build
gmake[1]: Entering directory '/Users/ferluht/Dev/metarack/metarack/c-modules/PingPongDelay/build/CMakeFiles/CMakeTmp'
Building C object CMakeFiles/cmTC_55689.dir/CheckIncludeFile.c.o
/Users/ferluht/Dev/metarack/metarack/c-modules/emsdk/upstream/emscripten/emcc    -MD -MT CMakeFiles/cmTC_55689.dir/CheckIncludeFile.c.o -MF CMakeFiles/cmTC_55689.dir/CheckIncludeFile.c.o.d -o CMakeFiles/cmTC_55689.dir/CheckIncludeFile.c.o -c /Users/ferluht/Dev/metarack/metarack/c-modules/PingPongDelay/build/CMakeFiles/CMakeTmp/CheckIncludeFile.c
Linking C executable cmTC_55689.js
/usr/local/Cellar/cmake/3.20.3/bin/cmake -E cmake_link_script CMakeFiles/cmTC_55689.dir/link.txt --verbose=1
/Users/ferluht/Dev/metarack/metarack/c-modules/emsdk/upstream/emscripten/emcc @CMakeFiles/cmTC_55689.dir/objects1.rsp -o cmTC_55689.js 
gmake[1]: Leaving directory '/Users/ferluht/Dev/metarack/metarack/c-modules/PingPongDelay/build/CMakeFiles/CMakeTmp'



Determining if the function alarm exists passed with the following output:
Change Dir: /Users/ferluht/Dev/metarack/metarack/c-modules/PingPongDelay/build/CMakeFiles/CMakeTmp

Run Build Command(s):/usr/local/bin/gmake -f Makefile cmTC_a0b0a/fast && /usr/local/bin/gmake  -f CMakeFiles/cmTC_a0b0a.dir/build.make CMakeFiles/cmTC_a0b0a.dir/build
gmake[1]: Entering directory '/Users/ferluht/Dev/metarack/metarack/c-modules/PingPongDelay/build/CMakeFiles/CMakeTmp'
Building C object CMakeFiles/cmTC_a0b0a.dir/CheckFunctionExists.c.o
/Users/ferluht/Dev/metarack/metarack/c-modules/emsdk/upstream/emscripten/emcc   -DCHECK_FUNCTION_EXISTS=alarm -MD -MT CMakeFiles/cmTC_a0b0a.dir/CheckFunctionExists.c.o -MF CMakeFiles/cmTC_a0b0a.dir/CheckFunctionExists.c.o.d -o CMakeFiles/cmTC_a0b0a.dir/CheckFunctionExists.c.o -c /usr/local/Cellar/cmake/3.20.3/share/cmake/Modules/CheckFunctionExists.c
Linking C executable cmTC_a0b0a.js
/usr/local/Cellar/cmake/3.20.3/bin/cmake -E cmake_link_script CMakeFiles/cmTC_a0b0a.dir/link.txt --verbose=1
/Users/ferluht/Dev/metarack/metarack/c-modules/emsdk/upstream/emscripten/emcc  -DCHECK_FUNCTION_EXISTS=alarm @CMakeFiles/cmTC_a0b0a.dir/objects1.rsp -o cmTC_a0b0a.js 
gmake[1]: Leaving directory '/Users/ferluht/Dev/metarack/metarack/c-modules/PingPongDelay/build/CMakeFiles/CMakeTmp'



Determining if the function signal exists passed with the following output:
Change Dir: /Users/ferluht/Dev/metarack/metarack/c-modules/PingPongDelay/build/CMakeFiles/CMakeTmp

Run Build Command(s):/usr/local/bin/gmake -f Makefile cmTC_46dd4/fast && /usr/local/bin/gmake  -f CMakeFiles/cmTC_46dd4.dir/build.make CMakeFiles/cmTC_46dd4.dir/build
gmake[1]: Entering directory '/Users/ferluht/Dev/metarack/metarack/c-modules/PingPongDelay/build/CMakeFiles/CMakeTmp'
Building C object CMakeFiles/cmTC_46dd4.dir/CheckFunctionExists.c.o
/Users/ferluht/Dev/metarack/metarack/c-modules/emsdk/upstream/emscripten/emcc   -DCHECK_FUNCTION_EXISTS=signal -MD -MT CMakeFiles/cmTC_46dd4.dir/CheckFunctionExists.c.o -MF CMakeFiles/cmTC_46dd4.dir/CheckFunctionExists.c.o.d -o CMakeFiles/cmTC_46dd4.dir/CheckFunctionExists.c.o -c /usr/local/Cellar/cmake/3.20.3/share/cmake/Modules/CheckFunctionExists.c
Linking C executable cmTC_46dd4.js
/usr/local/Cellar/cmake/3.20.3/bin/cmake -E cmake_link_script CMakeFiles/cmTC_46dd4.dir/link.txt --verbose=1
/Users/ferluht/Dev/metarack/metarack/c-modules/emsdk/upstream/emscripten/emcc  -DCHECK_FUNCTION_EXISTS=signal @CMakeFiles/cmTC_46dd4.dir/objects1.rsp -o cmTC_46dd4.js 
wasm-ld: warning: function signature mismatch: signal
>>> defined as () -> i32 in CMakeFiles/cmTC_46dd4.dir/CheckFunctionExists.c.o
>>> defined as (i32, i32) -> i32 in /Users/ferluht/Dev/metarack/metarack/c-modules/emsdk/upstream/emscripten/cache/sysroot/lib/wasm32-emscripten/libc-debug.a(signal.o)
gmake[1]: Leaving directory '/Users/ferluht/Dev/metarack/metarack/c-modules/PingPongDelay/build/CMakeFiles/CMakeTmp'



Determining if the SIGALRM exist passed with the following output:
Change Dir: /Users/ferluht/Dev/metarack/metarack/c-modules/PingPongDelay/build/CMakeFiles/CMakeTmp

Run Build Command(s):/usr/local/bin/gmake -f Makefile cmTC_897aa/fast && /usr/local/bin/gmake  -f CMakeFiles/cmTC_897aa.dir/build.make CMakeFiles/cmTC_897aa.dir/build
gmake[1]: Entering directory '/Users/ferluht/Dev/metarack/metarack/c-modules/PingPongDelay/build/CMakeFiles/CMakeTmp'
Building C object CMakeFiles/cmTC_897aa.dir/CheckSymbolExists.c.o
/Users/ferluht/Dev/metarack/metarack/c-modules/emsdk/upstream/emscripten/emcc    -MD -MT CMakeFiles/cmTC_897aa.dir/CheckSymbolExists.c.o -MF CMakeFiles/cmTC_897aa.dir/CheckSymbolExists.c.o.d -o CMakeFiles/cmTC_897aa.dir/CheckSymbolExists.c.o -c /Users/ferluht/Dev/metarack/metarack/c-modules/PingPongDelay/build/CMakeFiles/CMakeTmp/CheckSymbolExists.c
Linking C executable cmTC_897aa.js
/usr/local/Cellar/cmake/3.20.3/bin/cmake -E cmake_link_script CMakeFiles/cmTC_897aa.dir/link.txt --verbose=1
/Users/ferluht/Dev/metarack/metarack/c-modules/emsdk/upstream/emscripten/emcc @CMakeFiles/cmTC_897aa.dir/objects1.rsp -o cmTC_897aa.js 
gmake[1]: Leaving directory '/Users/ferluht/Dev/metarack/metarack/c-modules/PingPongDelay/build/CMakeFiles/CMakeTmp'


File /Users/ferluht/Dev/metarack/metarack/c-modules/PingPongDelay/build/CMakeFiles/CMakeTmp/CheckSymbolExists.c:
/* */
#include <signal.h>

int main(int argc, char** argv)
{
  (void)argv;
#ifndef SIGALRM
  return ((int*)(&SIGALRM))[argc];
#else
  (void)argc;
  return 0;
#endif
}
